d:\workspace\plugin\build\win\objd\basicdialog\basicdialog.lib
d:\workspace\plugin\build\win\objd\basicdialog\basicdialog.exp
d:\workspace\plugin\build\win\objd\basicdialog\basicdialog.pch
d:\workspace\plugin\build\win\objd\basicdialog\vc120.pdb
d:\workspace\plugin\build\win\objd\basicdialog\vcpluginheaders.obj
d:\workspace\plugin\build\win\objd\basicdialog\bscdlgnostrip.obj
d:\workspace\plugin\build\win\objd\basicdialog\bscdlgentrypoint.obj
d:\workspace\plugin\build\win\objd\basicdialog\bscdlgdialogobserver.obj
d:\workspace\plugin\build\win\objd\basicdialog\pluginstatics.obj
d:\workspace\plugin\build\win\objd\basicdialog\triggerresourcedeps.obj
d:\workspace\plugin\build\win\objd\basicdialog\bscdlgid.obj
d:\workspace\plugin\build\win\objd\basicdialog\bscdlgdialogcontroller.obj
d:\workspace\plugin\build\win\objd\basicdialog\bscdlgactioncomponent.obj
d:\workspace\plugin\build\win\objd\basicdialog\bscdlg.fres
d:\workspace\plugin\build\win\debug\sdk\basicdialog.sdk.pln
d:\workspace\plugin\build\win\debug\sdk\basicdialog.pdb
d:\workspace\plugin\build\win\objd\basicdialog\bscdlg.res
d:\workspace\plugin\build\win\prj\..\debug\sdk\basicdialog.sdk.pln
d:\workspace\plugin\build\win\objd\basicdialog\basicdialog.tlog\basicdialog.write.1u.tlog
d:\workspace\plugin\build\win\objd\basicdialog\basicdialog.tlog\cl.command.1.tlog
d:\workspace\plugin\build\win\objd\basicdialog\basicdialog.tlog\cl.read.1.tlog
d:\workspace\plugin\build\win\objd\basicdialog\basicdialog.tlog\cl.write.1.tlog
d:\workspace\plugin\build\win\objd\basicdialog\basicdialog.tlog\custombuild.command.1.tlog
d:\workspace\plugin\build\win\objd\basicdialog\basicdialog.tlog\custombuild.read.1.tlog
d:\workspace\plugin\build\win\objd\basicdialog\basicdialog.tlog\custombuild.write.1.tlog
d:\workspace\plugin\build\win\objd\basicdialog\basicdialog.tlog\link.command.1.tlog
d:\workspace\plugin\build\win\objd\basicdialog\basicdialog.tlog\link.read.1.tlog
d:\workspace\plugin\build\win\objd\basicdialog\basicdialog.tlog\link.write.1.tlog
d:\workspace\plugin\build\win\objd\basicdialog\basicdialog.tlog\rc.command.1.tlog
d:\workspace\plugin\build\win\objd\basicdialog\basicdialog.tlog\rc.read.1.tlog
d:\workspace\plugin\build\win\objd\basicdialog\basicdialog.tlog\rc.write.1.tlog
