d:\workspace\plugin\build\win\objdx64\basicdialog\basicdialog.lib
d:\workspace\plugin\build\win\objdx64\basicdialog\basicdialog.exp
d:\workspace\plugin\build\win\objdx64\basicdialog\basicdialog.pch
d:\workspace\plugin\build\win\objdx64\basicdialog\vc120.pdb
d:\workspace\plugin\build\win\objdx64\basicdialog\vcpluginheaders.obj
d:\workspace\plugin\build\win\objdx64\basicdialog\bscdlgactioncomponent.obj
d:\workspace\plugin\build\win\objdx64\basicdialog\bscdlgentrypoint.obj
d:\workspace\plugin\build\win\objdx64\basicdialog\bscdlgdialogobserver.obj
d:\workspace\plugin\build\win\objdx64\basicdialog\pluginstatics.obj
d:\workspace\plugin\build\win\objdx64\basicdialog\bscdlgnostrip.obj
d:\workspace\plugin\build\win\objdx64\basicdialog\triggerresourcedeps.obj
d:\workspace\plugin\build\win\objdx64\basicdialog\bscdlgdialogcontroller.obj
d:\workspace\plugin\build\win\objdx64\basicdialog\bscdlgid.obj
d:\workspace\plugin\build\win\objdx64\basicdialog\bscdlg.fres
d:\workspace\plugin\build\win\debugx64\sdk\basicdialog.sdk.pln
d:\workspace\plugin\build\win\debugx64\sdk\basicdialog.pdb
d:\workspace\plugin\build\win\objdx64\basicdialog\bscdlg.res
d:\workspace\plugin\build\win\prj\..\debugx64\sdk\basicdialog.sdk.pln
d:\workspace\plugin\build\win\objdx64\basicdialog\basicdialog.tlog\basicdialog.write.1u.tlog
d:\workspace\plugin\build\win\objdx64\basicdialog\basicdialog.tlog\cl.command.1.tlog
d:\workspace\plugin\build\win\objdx64\basicdialog\basicdialog.tlog\cl.read.1.tlog
d:\workspace\plugin\build\win\objdx64\basicdialog\basicdialog.tlog\cl.write.1.tlog
d:\workspace\plugin\build\win\objdx64\basicdialog\basicdialog.tlog\custombuild.command.1.tlog
d:\workspace\plugin\build\win\objdx64\basicdialog\basicdialog.tlog\custombuild.read.1.tlog
d:\workspace\plugin\build\win\objdx64\basicdialog\basicdialog.tlog\custombuild.write.1.tlog
d:\workspace\plugin\build\win\objdx64\basicdialog\basicdialog.tlog\link.command.1.tlog
d:\workspace\plugin\build\win\objdx64\basicdialog\basicdialog.tlog\link.read.1.tlog
d:\workspace\plugin\build\win\objdx64\basicdialog\basicdialog.tlog\link.write.1.tlog
d:\workspace\plugin\build\win\objdx64\basicdialog\basicdialog.tlog\rc.command.1.tlog
d:\workspace\plugin\build\win\objdx64\basicdialog\basicdialog.tlog\rc.read.1.tlog
d:\workspace\plugin\build\win\objdx64\basicdialog\basicdialog.tlog\rc.write.1.tlog
