d:\workspace\plugin\build\win\objd\basicmenu\basicmenu.lib
d:\workspace\plugin\build\win\objd\basicmenu\basicmenu.exp
d:\workspace\plugin\build\win\objd\basicmenu\basicmenu.pch
d:\workspace\plugin\build\win\objd\basicmenu\vc120.pdb
d:\workspace\plugin\build\win\objd\basicmenu\vcpluginheaders.obj
d:\workspace\plugin\build\win\objd\basicmenu\bscmnuid.obj
d:\workspace\plugin\build\win\objd\basicmenu\triggerresourcedeps.obj
d:\workspace\plugin\build\win\objd\basicmenu\bscmnuactioncomponent.obj
d:\workspace\plugin\build\win\objd\basicmenu\bscmnusuiteasb.obj
d:\workspace\plugin\build\win\objd\basicmenu\bscmnusuitelayoutcsb.obj
d:\workspace\plugin\build\win\objd\basicmenu\sdkpluginentrypoint.obj
d:\workspace\plugin\build\win\objd\basicmenu\bscmnunostrip.obj
d:\workspace\plugin\build\win\objd\basicmenu\pluginstatics.obj
d:\workspace\plugin\build\win\objd\basicmenu\bscmnu.fres
d:\workspace\plugin\build\win\debug\sdk\basicmenu.sdk.pln
d:\workspace\plugin\build\win\debug\sdk\basicmenu.pdb
d:\workspace\plugin\build\win\objd\basicmenu\bscmnu.res
d:\workspace\plugin\build\win\prj\..\debug\sdk\basicmenu.sdk.pln
d:\workspace\plugin\build\win\objd\basicmenu\basicmenu.tlog\basicmenu.write.1u.tlog
d:\workspace\plugin\build\win\objd\basicmenu\basicmenu.tlog\cl.command.1.tlog
d:\workspace\plugin\build\win\objd\basicmenu\basicmenu.tlog\cl.read.1.tlog
d:\workspace\plugin\build\win\objd\basicmenu\basicmenu.tlog\cl.write.1.tlog
d:\workspace\plugin\build\win\objd\basicmenu\basicmenu.tlog\custombuild.command.1.tlog
d:\workspace\plugin\build\win\objd\basicmenu\basicmenu.tlog\custombuild.read.1.tlog
d:\workspace\plugin\build\win\objd\basicmenu\basicmenu.tlog\custombuild.write.1.tlog
d:\workspace\plugin\build\win\objd\basicmenu\basicmenu.tlog\link.command.1.tlog
d:\workspace\plugin\build\win\objd\basicmenu\basicmenu.tlog\link.read.1.tlog
d:\workspace\plugin\build\win\objd\basicmenu\basicmenu.tlog\link.write.1.tlog
d:\workspace\plugin\build\win\objd\basicmenu\basicmenu.tlog\rc.command.1.tlog
d:\workspace\plugin\build\win\objd\basicmenu\basicmenu.tlog\rc.read.1.tlog
d:\workspace\plugin\build\win\objd\basicmenu\basicmenu.tlog\rc.write.1.tlog
